[0.283s] Invoking command in '/workspace/Practice02/src/task01': PYTHONPATH=/workspace/Practice02/src/build/task01/prefix_override:/usr/lib/python3/dist-packages/colcon_core/task/python/colcon_distutils_commands:/workspace/Practice02/src/install/task01/lib/python3.10/site-packages:${PYTHONPATH} /usr/bin/python3 -W ignore:setup.py install is deprecated setup.py egg_info --egg-base ../build/task01 build --build-base /workspace/Practice02/src/build/task01/build install --record /workspace/Practice02/src/build/task01/install.log --single-version-externally-managed install_data
[0.374s] running egg_info
[0.375s] creating ../build/task01/task01.egg-info
[0.375s] writing ../build/task01/task01.egg-info/PKG-INFO
[0.376s] writing dependency_links to ../build/task01/task01.egg-info/dependency_links.txt
[0.377s] writing entry points to ../build/task01/task01.egg-info/entry_points.txt
[0.377s] writing requirements to ../build/task01/task01.egg-info/requires.txt
[0.378s] writing top-level names to ../build/task01/task01.egg-info/top_level.txt
[0.378s] writing manifest file '../build/task01/task01.egg-info/SOURCES.txt'
[0.380s] reading manifest file '../build/task01/task01.egg-info/SOURCES.txt'
[0.381s] writing manifest file '../build/task01/task01.egg-info/SOURCES.txt'
[0.381s] running build
[0.382s] running build_py
[0.382s] creating /workspace/Practice02/src/build/task01/build
[0.383s] creating /workspace/Practice02/src/build/task01/build/lib
[0.384s] creating /workspace/Practice02/src/build/task01/build/lib/task01
[0.384s] copying task01/__init__.py -> /workspace/Practice02/src/build/task01/build/lib/task01
[0.385s] creating /workspace/Practice02/src/build/task01/build/lib/task01/receiver
[0.385s] copying task01/receiver/receiver.py -> /workspace/Practice02/src/build/task01/build/lib/task01/receiver
[0.385s] copying task01/receiver/__init__.py -> /workspace/Practice02/src/build/task01/build/lib/task01/receiver
[0.386s] running install
[0.386s] running install_lib
[0.387s] creating /workspace/Practice02/src/install/task01/lib/python3.10/site-packages/task01
[0.387s] copying /workspace/Practice02/src/build/task01/build/lib/task01/__init__.py -> /workspace/Practice02/src/install/task01/lib/python3.10/site-packages/task01
[0.388s] creating /workspace/Practice02/src/install/task01/lib/python3.10/site-packages/task01/receiver
[0.389s] copying /workspace/Practice02/src/build/task01/build/lib/task01/receiver/receiver.py -> /workspace/Practice02/src/install/task01/lib/python3.10/site-packages/task01/receiver
[0.389s] copying /workspace/Practice02/src/build/task01/build/lib/task01/receiver/__init__.py -> /workspace/Practice02/src/install/task01/lib/python3.10/site-packages/task01/receiver
[0.391s] byte-compiling /workspace/Practice02/src/install/task01/lib/python3.10/site-packages/task01/__init__.py to __init__.cpython-310.pyc
[0.391s] byte-compiling /workspace/Practice02/src/install/task01/lib/python3.10/site-packages/task01/receiver/receiver.py to receiver.cpython-310.pyc
[0.393s] byte-compiling /workspace/Practice02/src/install/task01/lib/python3.10/site-packages/task01/receiver/__init__.py to __init__.cpython-310.pyc
[0.395s] running install_data
[0.396s] creating /workspace/Practice02/src/install/task01/share/ament_index
[0.396s] creating /workspace/Practice02/src/install/task01/share/ament_index/resource_index
[0.397s] creating /workspace/Practice02/src/install/task01/share/ament_index/resource_index/packages
[0.398s] copying resource/task01 -> /workspace/Practice02/src/install/task01/share/ament_index/resource_index/packages
[0.398s] copying package.xml -> /workspace/Practice02/src/install/task01/share/task01
[0.399s] creating /workspace/Practice02/src/install/task01/share/task01/launch
[0.399s] copying launch/task01.launch.py -> /workspace/Practice02/src/install/task01/share/task01/launch
[0.400s] running install_egg_info
[0.402s] Copying ../build/task01/task01.egg-info to /workspace/Practice02/src/install/task01/lib/python3.10/site-packages/task01-0.0.0-py3.10.egg-info
[0.415s] running install_scripts
[0.427s] Installing receiver script to /workspace/Practice02/src/install/task01/lib/task01
[0.428s] writing list of installed files to '/workspace/Practice02/src/build/task01/install.log'
[0.439s] Invoked command in '/workspace/Practice02/src/task01' returned '0': PYTHONPATH=/workspace/Practice02/src/build/task01/prefix_override:/usr/lib/python3/dist-packages/colcon_core/task/python/colcon_distutils_commands:/workspace/Practice02/src/install/task01/lib/python3.10/site-packages:${PYTHONPATH} /usr/bin/python3 -W ignore:setup.py install is deprecated setup.py egg_info --egg-base ../build/task01 build --build-base /workspace/Practice02/src/build/task01/build install --record /workspace/Practice02/src/build/task01/install.log --single-version-externally-managed install_data
