running egg_info
writing build/task02/task02.egg-info/PKG-INFO
writing dependency_links to build/task02/task02.egg-info/dependency_links.txt
writing entry points to build/task02/task02.egg-info/entry_points.txt
writing requirements to build/task02/task02.egg-info/requires.txt
writing top-level names to build/task02/task02.egg-info/top_level.txt
reading manifest file 'build/task02/task02.egg-info/SOURCES.txt'
writing manifest file 'build/task02/task02.egg-info/SOURCES.txt'
running build
running build_py
running install
running install_lib
running install_data
copying config/task02.yaml -> /workspace/Practice02/src/task02/install/task02/share/task02/config
running install_egg_info
removing '/workspace/Practice02/src/task02/install/task02/lib/python3.10/site-packages/task02-0.0.0-py3.10.egg-info' (and everything under it)
Copying build/task02/task02.egg-info to /workspace/Practice02/src/task02/install/task02/lib/python3.10/site-packages/task02-0.0.0-py3.10.egg-info
running install_scripts
Installing publisher script to /workspace/Practice02/src/task02/install/task02/lib/task02
writing list of installed files to '/workspace/Practice02/src/task02/build/task02/install.log'
