[0.105s] DEBUG:colcon:Command line arguments: ['/usr/bin/colcon', 'build']
[0.105s] DEBUG:colcon:Parsed command line arguments: Namespace(log_base=None, log_level=None, verb_name='build', build_base='build', install_base='install', merge_install=False, symlink_install=False, test_result_base=None, continue_on_error=False, executor='parallel', parallel_workers=4, event_handlers=None, ignore_user_meta=False, metas=['./colcon.meta'], base_paths=['.'], packages_ignore=None, packages_ignore_regex=None, paths=None, packages_up_to=None, packages_up_to_regex=None, packages_above=None, packages_above_and_dependencies=None, packages_above_depth=None, packages_select_by_dep=None, packages_skip_by_dep=None, packages_skip_up_to=None, packages_select_build_failed=False, packages_skip_build_finished=False, packages_select_test_failures=False, packages_skip_test_passed=False, packages_select=None, packages_skip=None, packages_select_regex=None, packages_skip_regex=None, packages_start=None, packages_end=None, cmake_args=None, cmake_target=None, cmake_target_skip_unavailable=False, cmake_clean_cache=False, cmake_clean_first=False, cmake_force_configure=False, ament_cmake_args=None, catkin_cmake_args=None, catkin_skip_building_tests=False, mixin_files=None, mixin=None, verb_parser=<colcon_mixin.mixin.mixin_argument.MixinArgumentDecorator object at 0xffffb648a440>, verb_extension=<colcon_core.verb.build.BuildVerb object at 0xffffb6489c30>, main=<bound method BuildVerb.main of <colcon_core.verb.build.BuildVerb object at 0xffffb6489c30>>, mixin_verb=('build',))
[0.201s] Level 1:colcon.colcon_core.package_discovery:discover_packages(colcon_meta) check parameters
[0.201s] INFO:colcon.colcon_metadata.package_discovery.colcon_meta:Using configuration from '/root/.colcon/metadata/default/Gazebo.meta'
[0.202s] INFO:colcon.colcon_metadata.package_discovery.colcon_meta:Using configuration from '/root/.colcon/metadata/default/fastrtps.meta'
[0.202s] Level 1:colcon.colcon_core.package_discovery:discover_packages(recursive) check parameters
[0.202s] Level 1:colcon.colcon_core.package_discovery:discover_packages(ignore) check parameters
[0.202s] Level 1:colcon.colcon_core.package_discovery:discover_packages(path) check parameters
[0.202s] Level 1:colcon.colcon_core.package_discovery:discover_packages(colcon_meta) discover
[0.202s] Level 1:colcon.colcon_core.package_discovery:discover_packages(recursive) discover
[0.202s] INFO:colcon.colcon_core.package_discovery:Crawling recursively for packages in '/workspace/Practice02/src/task01'
[0.203s] Level 1:colcon.colcon_core.package_identification:_identify(.) by extensions ['ignore', 'ignore_ament_install']
[0.203s] Level 1:colcon.colcon_core.package_identification:_identify(.) by extension 'ignore'
[0.203s] Level 1:colcon.colcon_core.package_identification:_identify(.) by extension 'ignore_ament_install'
[0.204s] Level 1:colcon.colcon_core.package_identification:_identify(.) by extensions ['colcon_pkg']
[0.204s] Level 1:colcon.colcon_core.package_identification:_identify(.) by extension 'colcon_pkg'
[0.204s] Level 1:colcon.colcon_core.package_identification:_identify(.) by extensions ['colcon_meta']
[0.204s] Level 1:colcon.colcon_core.package_identification:_identify(.) by extension 'colcon_meta'
[0.204s] Level 1:colcon.colcon_core.package_identification:_identify(.) by extensions ['ros']
[0.204s] Level 1:colcon.colcon_core.package_identification:_identify(.) by extension 'ros'
[0.218s] DEBUG:colcon.colcon_core.package_identification:Package '.' with type 'ros.ament_python' and name 'task01'
[0.219s] Level 1:colcon.colcon_core.package_discovery:discover_packages(recursive) using defaults
[0.219s] Level 1:colcon.colcon_core.package_discovery:discover_packages(ignore) discover
[0.219s] Level 1:colcon.colcon_core.package_discovery:discover_packages(ignore) using defaults
[0.219s] Level 1:colcon.colcon_core.package_discovery:discover_packages(path) discover
[0.219s] Level 1:colcon.colcon_core.package_discovery:discover_packages(path) using defaults
[0.247s] Level 5:colcon.colcon_core.verb:set package 'task01' build argument 'cmake_args' from command line to 'None'
[0.248s] Level 5:colcon.colcon_core.verb:set package 'task01' build argument 'cmake_target' from command line to 'None'
[0.248s] Level 5:colcon.colcon_core.verb:set package 'task01' build argument 'cmake_target_skip_unavailable' from command line to 'False'
[0.248s] Level 5:colcon.colcon_core.verb:set package 'task01' build argument 'cmake_clean_cache' from command line to 'False'
[0.248s] Level 5:colcon.colcon_core.verb:set package 'task01' build argument 'cmake_clean_first' from command line to 'False'
[0.248s] Level 5:colcon.colcon_core.verb:set package 'task01' build argument 'cmake_force_configure' from command line to 'False'
[0.248s] Level 5:colcon.colcon_core.verb:set package 'task01' build argument 'ament_cmake_args' from command line to 'None'
[0.248s] Level 5:colcon.colcon_core.verb:set package 'task01' build argument 'catkin_cmake_args' from command line to 'None'
[0.248s] Level 5:colcon.colcon_core.verb:set package 'task01' build argument 'catkin_skip_building_tests' from command line to 'False'
[0.248s] DEBUG:colcon.colcon_core.verb:Building package 'task01' with the following arguments: {'ament_cmake_args': None, 'build_base': '/workspace/Practice02/src/task01/build/task01', 'catkin_cmake_args': None, 'catkin_skip_building_tests': False, 'cmake_args': None, 'cmake_clean_cache': False, 'cmake_clean_first': False, 'cmake_force_configure': False, 'cmake_target': None, 'cmake_target_skip_unavailable': False, 'install_base': '/workspace/Practice02/src/task01/install/task01', 'merge_install': False, 'path': '/workspace/Practice02/src/task01', 'symlink_install': False, 'test_result_base': None}
[0.249s] INFO:colcon.colcon_core.executor:Executing jobs using 'parallel' executor
[0.249s] DEBUG:colcon.colcon_parallel_executor.executor.parallel:run_until_complete
[0.250s] INFO:colcon.colcon_ros.task.ament_python.build:Building ROS package in '/workspace/Practice02/src/task01' with build type 'ament_python'
[0.250s] Level 1:colcon.colcon_core.shell:create_environment_hook('task01', 'ament_prefix_path')
[0.252s] INFO:colcon.colcon_core.plugin_system:Skipping extension 'colcon_core.shell.bat': Not used on non-Windows systems
[0.252s] INFO:colcon.colcon_core.shell:Creating environment hook '/workspace/Practice02/src/task01/install/task01/share/task01/hook/ament_prefix_path.ps1'
[0.254s] INFO:colcon.colcon_core.shell:Creating environment descriptor '/workspace/Practice02/src/task01/install/task01/share/task01/hook/ament_prefix_path.dsv'
[0.255s] INFO:colcon.colcon_core.shell:Creating environment hook '/workspace/Practice02/src/task01/install/task01/share/task01/hook/ament_prefix_path.sh'
[0.255s] INFO:colcon.colcon_core.shell:Skip shell extension 'powershell' for command environment: Not usable outside of PowerShell
[0.255s] DEBUG:colcon.colcon_core.shell:Skip shell extension 'dsv' for command environment
[0.408s] INFO:colcon.colcon_core.task.python.build:Building Python package in '/workspace/Practice02/src/task01'
[0.408s] INFO:colcon.colcon_core.shell:Skip shell extension 'powershell' for command environment: Not usable outside of PowerShell
[0.408s] DEBUG:colcon.colcon_core.shell:Skip shell extension 'dsv' for command environment
[0.564s] DEBUG:colcon.colcon_core.event_handler.log_command:Invoking command in '/workspace/Practice02/src/task01': PYTHONPATH=/workspace/Practice02/src/task01/build/task01/prefix_override:/usr/lib/python3/dist-packages/colcon_core/task/python/colcon_distutils_commands:/workspace/Practice02/src/task01/install/task01/lib/python3.10/site-packages:${PYTHONPATH} /usr/bin/python3 -W ignore:setup.py install is deprecated setup.py egg_info --egg-base build/task01 build --build-base /workspace/Practice02/src/task01/build/task01/build install --record /workspace/Practice02/src/task01/build/task01/install.log --single-version-externally-managed install_data
[0.701s] DEBUG:colcon.colcon_core.event_handler.log_command:Invoked command in '/workspace/Practice02/src/task01' returned '0': PYTHONPATH=/workspace/Practice02/src/task01/build/task01/prefix_override:/usr/lib/python3/dist-packages/colcon_core/task/python/colcon_distutils_commands:/workspace/Practice02/src/task01/install/task01/lib/python3.10/site-packages:${PYTHONPATH} /usr/bin/python3 -W ignore:setup.py install is deprecated setup.py egg_info --egg-base build/task01 build --build-base /workspace/Practice02/src/task01/build/task01/build install --record /workspace/Practice02/src/task01/build/task01/install.log --single-version-externally-managed install_data
[0.703s] Level 1:colcon.colcon_core.environment:checking '/workspace/Practice02/src/task01/install/task01' for CMake module files
[0.705s] Level 1:colcon.colcon_core.environment:checking '/workspace/Practice02/src/task01/install/task01' for CMake config files
[0.707s] Level 1:colcon.colcon_core.environment:checking '/workspace/Practice02/src/task01/install/task01/lib'
[0.708s] Level 1:colcon.colcon_core.environment:checking '/workspace/Practice02/src/task01/install/task01/bin'
[0.708s] Level 1:colcon.colcon_core.environment:checking '/workspace/Practice02/src/task01/install/task01/lib/pkgconfig/task01.pc'
[0.708s] Level 1:colcon.colcon_core.environment:checking '/workspace/Practice02/src/task01/install/task01/lib/python3.10/site-packages'
[0.708s] Level 1:colcon.colcon_core.shell:create_environment_hook('task01', 'pythonpath')
[0.708s] INFO:colcon.colcon_core.shell:Creating environment hook '/workspace/Practice02/src/task01/install/task01/share/task01/hook/pythonpath.ps1'
[0.709s] INFO:colcon.colcon_core.shell:Creating environment descriptor '/workspace/Practice02/src/task01/install/task01/share/task01/hook/pythonpath.dsv'
[0.710s] INFO:colcon.colcon_core.shell:Creating environment hook '/workspace/Practice02/src/task01/install/task01/share/task01/hook/pythonpath.sh'
[0.711s] Level 1:colcon.colcon_core.environment:checking '/workspace/Practice02/src/task01/install/task01/bin'
[0.711s] Level 1:colcon.colcon_core.environment:create_environment_scripts_only(task01)
[0.711s] INFO:colcon.colcon_core.shell:Creating package script '/workspace/Practice02/src/task01/install/task01/share/task01/package.ps1'
[0.712s] INFO:colcon.colcon_core.shell:Creating package descriptor '/workspace/Practice02/src/task01/install/task01/share/task01/package.dsv'
[0.712s] INFO:colcon.colcon_core.shell:Creating package script '/workspace/Practice02/src/task01/install/task01/share/task01/package.sh'
[0.713s] INFO:colcon.colcon_core.shell:Creating package script '/workspace/Practice02/src/task01/install/task01/share/task01/package.bash'
[0.714s] INFO:colcon.colcon_core.shell:Creating package script '/workspace/Practice02/src/task01/install/task01/share/task01/package.zsh'
[0.715s] Level 1:colcon.colcon_core.environment:create_file_with_runtime_dependencies(/workspace/Practice02/src/task01/install/task01/share/colcon-core/packages/task01)
[0.715s] DEBUG:colcon.colcon_parallel_executor.executor.parallel:closing loop
[0.716s] DEBUG:colcon.colcon_parallel_executor.executor.parallel:loop closed
[0.716s] DEBUG:colcon.colcon_parallel_executor.executor.parallel:run_until_complete finished with '0'
[0.716s] DEBUG:colcon.colcon_core.event_reactor:joining thread
[0.729s] INFO:colcon.colcon_core.plugin_system:Skipping extension 'colcon_notification.desktop_notification.notify_send': Could not find 'notify-send'
[0.729s] INFO:colcon.colcon_core.plugin_system:Skipping extension 'colcon_notification.desktop_notification.terminal_notifier': Not used on non-Darwin systems
[0.729s] INFO:colcon.colcon_core.plugin_system:Skipping extension 'colcon_notification.desktop_notification.win32': Not used on non-Windows systems
[0.729s] INFO:colcon.colcon_notification.desktop_notification:Sending desktop notification using 'notify2'
[0.729s] DEBUG:colcon.colcon_notification.desktop_notification.notify2:Failed to initialize notify2: org.freedesktop.DBus.Error.NotSupported: Unable to autolaunch a dbus-daemon without a $DISPLAY for X11
[0.730s] DEBUG:colcon.colcon_core.event_reactor:joined thread
[0.730s] INFO:colcon.colcon_core.shell:Creating prefix script '/workspace/Practice02/src/task01/install/local_setup.ps1'
[0.731s] INFO:colcon.colcon_core.shell:Creating prefix util module '/workspace/Practice02/src/task01/install/_local_setup_util_ps1.py'
[0.732s] INFO:colcon.colcon_core.shell:Creating prefix chain script '/workspace/Practice02/src/task01/install/setup.ps1'
[0.733s] INFO:colcon.colcon_core.shell:Creating prefix script '/workspace/Practice02/src/task01/install/local_setup.sh'
[0.734s] INFO:colcon.colcon_core.shell:Creating prefix util module '/workspace/Practice02/src/task01/install/_local_setup_util_sh.py'
[0.734s] INFO:colcon.colcon_core.shell:Creating prefix chain script '/workspace/Practice02/src/task01/install/setup.sh'
[0.736s] INFO:colcon.colcon_core.shell:Creating prefix script '/workspace/Practice02/src/task01/install/local_setup.bash'
[0.736s] INFO:colcon.colcon_core.shell:Creating prefix chain script '/workspace/Practice02/src/task01/install/setup.bash'
[0.737s] INFO:colcon.colcon_core.shell:Creating prefix script '/workspace/Practice02/src/task01/install/local_setup.zsh'
[0.738s] INFO:colcon.colcon_core.shell:Creating prefix chain script '/workspace/Practice02/src/task01/install/setup.zsh'
